2020-02-17 17:03:30.072  INFO 92471 --- [restartedMain] d.e.t.server.TollwaySystemApplication    : Starting TollwaySystemApplication on Yes-MacBook-Pro.attlocal.net with PID 92471 (/Users/yygatech/Workspaces/workspace-spring-tool-suite-4-4.5.0.RELEASE/tollway-system-server/target/classes started by yygatech in /Users/yygatech/Workspaces/workspace-spring-tool-suite-4-4.5.0.RELEASE/tollway-system-server)
2020-02-17 17:03:30.076  INFO 92471 --- [restartedMain] d.e.t.server.TollwaySystemApplication    : The following profiles are active: dev
2020-02-17 17:03:30.123  INFO 92471 --- [restartedMain] o.s.b.devtools.restart.ChangeableUrls    : The Class-Path manifest attribute in /Users/yygatech/.m2/repository/org/glassfish/jaxb/jaxb-runtime/2.3.2/jaxb-runtime-2.3.2.jar referenced one or more files that do not exist: file:/Users/yygatech/.m2/repository/org/glassfish/jaxb/jaxb-runtime/2.3.2/jakarta.xml.bind-api-2.3.2.jar,file:/Users/yygatech/.m2/repository/org/glassfish/jaxb/jaxb-runtime/2.3.2/txw2-2.3.2.jar,file:/Users/yygatech/.m2/repository/org/glassfish/jaxb/jaxb-runtime/2.3.2/istack-commons-runtime-3.0.8.jar,file:/Users/yygatech/.m2/repository/org/glassfish/jaxb/jaxb-runtime/2.3.2/stax-ex-1.8.1.jar,file:/Users/yygatech/.m2/repository/org/glassfish/jaxb/jaxb-runtime/2.3.2/FastInfoset-1.2.16.jar,file:/Users/yygatech/.m2/repository/org/glassfish/jaxb/jaxb-runtime/2.3.2/jakarta.activation-api-1.2.1.jar
2020-02-17 17:03:30.123  INFO 92471 --- [restartedMain] .e.DevToolsPropertyDefaultsPostProcessor : Devtools property defaults active! Set 'spring.devtools.add-properties' to 'false' to disable
2020-02-17 17:03:30.123  INFO 92471 --- [restartedMain] .e.DevToolsPropertyDefaultsPostProcessor : For additional web related logging consider setting the 'logging.level.web' property to 'DEBUG'
2020-02-17 17:03:30.760  INFO 92471 --- [restartedMain] .s.d.r.c.RepositoryConfigurationDelegate : Bootstrapping Spring Data JPA repositories in DEFAULT mode.
2020-02-17 17:03:30.820  INFO 92471 --- [restartedMain] .s.d.r.c.RepositoryConfigurationDelegate : Finished Spring Data repository scanning in 53ms. Found 4 JPA repository interfaces.
2020-02-17 17:03:31.105  INFO 92471 --- [restartedMain] trationDelegate$BeanPostProcessorChecker : Bean 'org.springframework.transaction.annotation.ProxyTransactionManagementConfiguration' of type [org.springframework.transaction.annotation.ProxyTransactionManagementConfiguration] is not eligible for getting processed by all BeanPostProcessors (for example: not eligible for auto-proxying)
2020-02-17 17:03:31.367  INFO 92471 --- [restartedMain] o.s.b.w.embedded.tomcat.TomcatWebServer  : Tomcat initialized with port(s): 8080 (http)
2020-02-17 17:03:31.425  INFO 92471 --- [restartedMain] o.s.web.context.ContextLoader            : Root WebApplicationContext: initialization completed in 1301 ms
2020-02-17 17:03:31.635  INFO 92471 --- [restartedMain] o.s.b.a.h2.H2ConsoleAutoConfiguration    : H2 console available at '/h2-console'. Database available at 'jdbc:postgresql://localhost:5432/tollway'
2020-02-17 17:03:31.698  INFO 92471 --- [restartedMain] o.s.b.d.a.OptionalLiveReloadServer       : LiveReload server is running on port 35729
2020-02-17 17:03:32.494  INFO 92471 --- [restartedMain] j.LocalContainerEntityManagerFactoryBean : Initialized JPA EntityManagerFactory for persistence unit 'default'
2020-02-17 17:03:32.922  WARN 92471 --- [restartedMain] JpaBaseConfiguration$JpaWebConfiguration : spring.jpa.open-in-view is enabled by default. Therefore, database queries may be performed during view rendering. Explicitly configure spring.jpa.open-in-view to disable this warning
2020-02-17 17:03:33.068  INFO 92471 --- [restartedMain] o.s.s.web.DefaultSecurityFilterChain     : Creating filter chain: any request, [org.springframework.security.web.context.request.async.WebAsyncManagerIntegrationFilter@a94c7e, org.springframework.security.web.context.SecurityContextPersistenceFilter@19246ca2, org.springframework.security.web.header.HeaderWriterFilter@113d17aa, org.springframework.security.web.authentication.logout.LogoutFilter@4e9d3e72, org.springframework.security.web.authentication.UsernamePasswordAuthenticationFilter@3c40645b, org.springframework.security.web.authentication.ui.DefaultLoginPageGeneratingFilter@628f1f55, org.springframework.security.web.authentication.ui.DefaultLogoutPageGeneratingFilter@29f3cb5a, org.springframework.security.web.savedrequest.RequestCacheAwareFilter@5ac23a39, org.springframework.security.web.servletapi.SecurityContextHolderAwareRequestFilter@178b287d, org.springframework.security.web.authentication.AnonymousAuthenticationFilter@6978924c, org.springframework.security.web.session.SessionManagementFilter@7a507c4f, org.springframework.security.web.access.ExceptionTranslationFilter@242c5d45, org.springframework.security.web.access.intercept.FilterSecurityInterceptor@c8006cd]
2020-02-17 17:03:33.187  INFO 92471 --- [restartedMain] o.s.s.concurrent.ThreadPoolTaskExecutor  : Initializing ExecutorService 'applicationTaskExecutor'
2020-02-17 17:03:33.440  INFO 92471 --- [restartedMain] o.s.b.w.embedded.tomcat.TomcatWebServer  : Tomcat started on port(s): 8080 (http) with context path ''
2020-02-17 17:03:33.442  INFO 92471 --- [restartedMain] d.e.t.server.TollwaySystemApplication    : Started TollwaySystemApplication in 3.638 seconds (JVM running for 4.224)
2020-02-17 17:03:41.032  INFO 92471 --- [http-nio-8080-exec-1] o.s.web.servlet.DispatcherServlet        : Initializing Servlet 'dispatcherServlet'
2020-02-17 17:03:41.040  INFO 92471 --- [http-nio-8080-exec-1] o.s.web.servlet.DispatcherServlet        : Completed initialization in 7 ms
2020-02-17 17:04:03.181  INFO 92471 --- [RMI TCP Connection(11)-127.0.0.1] inMXBeanRegistrar$SpringApplicationAdmin : Application shutdown requested.
2020-02-17 17:04:03.185  INFO 92471 --- [RMI TCP Connection(11)-127.0.0.1] o.s.s.concurrent.ThreadPoolTaskExecutor  : Shutting down ExecutorService 'applicationTaskExecutor'
2020-02-17 17:04:03.187  INFO 92471 --- [RMI TCP Connection(11)-127.0.0.1] j.LocalContainerEntityManagerFactoryBean : Closing JPA EntityManagerFactory for persistence unit 'default'
